2012-08-24 12:48:15,078 - core - INFO - New host directory was specified by the user
2012-08-24 12:48:43,888 - core - INFO - Exiting...
2012-08-24 12:49:44,448 - core - INFO - New host directory was specified by the user
2012-08-24 13:02:11,033 - core - INFO - Exiting...
2012-08-24 13:03:21,479 - core - INFO - New task was added to the list
2012-08-24 13:03:28,704 - core - INFO - Exiting...
2012-08-24 13:04:24,759 - core - INFO - Exiting...
2012-08-24 13:04:51,872 - core - INFO - New task was added to the list
2012-08-24 13:05:44,443 - core - INFO - Processing started for all the items of the list
2012-08-24 13:05:51,552 - core - INFO - Exiting...
2012-08-24 13:07:39,694 - core - INFO - New task was added to the list
2012-08-24 13:07:42,210 - core - INFO - Processing started for all the items of the list
2012-08-24 13:10:11,542 - core - INFO - Exiting...
2012-08-24 13:18:28,684 - core - INFO - New task was added to the list
2012-08-24 13:18:32,180 - core - INFO - Task was removed from the list
2012-08-24 13:18:34,706 - core - INFO - New task was added to the list
2012-08-24 13:19:19,644 - core - INFO - Exiting...
2012-08-24 13:41:11,051 - core - INFO - New task was added to the list
2012-08-24 13:41:28,035 - core - INFO - Exiting...
2012-08-24 13:42:06,443 - core - INFO - New task was added to the list
2012-08-24 13:42:23,944 - core - INFO - New task was added to the list
2012-08-24 13:43:57,316 - core - INFO - New task was added to the list
2012-08-24 13:44:11,091 - core - INFO - New task was added to the list
2012-08-24 13:44:18,601 - core - INFO - Processing started for all the items of the list
2012-08-24 13:45:34,365 - core - INFO - New task was added to the list
2012-08-24 13:45:46,408 - core - INFO - New task was added to the list
2012-08-24 13:45:48,799 - core - INFO - Processing started for all the items of the list
2012-08-24 13:46:14,296 - core - INFO - New task was added to the list
2012-08-24 13:46:25,693 - core - INFO - New task was added to the list
2012-08-24 13:46:27,805 - core - INFO - Processing started for all the items of the list
2012-08-24 13:47:06,621 - core - INFO - New task was added to the list
2012-08-24 13:47:08,529 - core - INFO - Processing started for all the items of the list
2012-08-24 13:47:21,621 - core - INFO - New task was added to the list
2012-08-24 13:47:22,589 - core - INFO - Processing started for all the items of the list
2012-08-24 13:49:56,825 - core - INFO - Processing finished for all the items of the list
2012-08-24 13:50:04,367 - core - INFO - Task was removed from the list
2012-08-24 13:50:05,259 - core - INFO - New task was added to the list
2012-08-24 13:50:15,082 - core - INFO - New task was added to the list
2012-08-24 13:50:20,003 - core - INFO - Processing started for all the items of the list
2012-08-24 13:50:24,782 - core - INFO - Exiting...
2012-08-24 13:51:41,084 - core - INFO - New task was added to the list
2012-08-24 13:51:49,213 - core - INFO - New task was added to the list
2012-08-24 13:51:50,361 - core - INFO - Processing started for all the items of the list
2012-08-24 13:51:55,796 - core - INFO - Exiting...
2012-08-24 13:56:51,792 - core - INFO - New task was added to the list
2012-08-24 13:56:58,749 - core - INFO - New task was added to the list
2012-08-24 13:57:03,039 - core - INFO - Processing started for all the items of the list
2012-08-24 13:57:24,936 - core - INFO - New task was added to the list
2012-08-24 13:57:33,658 - core - INFO - New task was added to the list
2012-08-24 13:57:35,013 - core - INFO - Processing started for all the items of the list
2012-08-24 14:02:35,203 - core - INFO - Processing finished for all the items of the list
2012-08-24 14:02:50,009 - core - INFO - Exiting...
2012-08-24 14:04:49,240 - core - INFO - New task was added to the list
2012-08-24 14:05:02,002 - core - INFO - New task was added to the list
2012-08-24 14:05:03,739 - core - INFO - Processing started for all the items of the list
2012-08-24 14:10:41,414 - core - INFO - Processing finished for all the items of the list
2012-08-24 14:13:21,831 - core - INFO - Task was removed from the list
2012-08-24 14:13:23,483 - core - INFO - Task was removed from the list
2012-08-24 14:14:08,917 - core - INFO - New task was added to the list
2012-08-24 14:14:18,013 - core - INFO - New task was added to the list
2012-08-24 14:14:21,437 - core - INFO - Processing started for all the items of the list
2012-08-24 14:22:00,009 - core - INFO - New task was added to the list
2012-08-24 14:22:08,526 - core - INFO - New task was added to the list
2012-08-24 14:22:10,625 - core - INFO - Processing started for all the items of the list
2012-08-24 14:22:18,841 - core - INFO - Exiting...
2012-08-24 14:22:58,552 - core - INFO - New task was added to the list
2012-08-24 14:23:06,828 - core - INFO - New task was added to the list
2012-08-24 14:23:12,246 - core - INFO - Processing started for all the items of the list
2012-08-24 14:23:16,891 - core - INFO - Exiting...
2012-08-24 14:23:42,759 - core - INFO - New task was added to the list
2012-08-24 14:23:51,058 - core - INFO - New task was added to the list
2012-08-24 14:23:53,500 - core - INFO - Processing started for all the items of the list
2012-08-24 14:23:58,430 - core - INFO - Exiting...
2012-08-24 14:24:11,540 - core - INFO - New task was added to the list
2012-08-24 14:24:19,372 - core - INFO - New task was added to the list
2012-08-24 14:24:20,523 - core - INFO - Processing started for all the items of the list
2012-08-24 14:24:24,033 - core - INFO - Exiting...
2012-08-24 14:24:40,411 - core - INFO - New task was added to the list
2012-08-24 14:24:47,898 - core - INFO - New task was added to the list
2012-08-24 14:24:49,134 - core - INFO - Processing started for all the items of the list
2012-08-24 14:29:56,641 - core - INFO - Processing finished for all the items of the list
2012-08-24 14:30:36,467 - core - INFO - New task was added to the list
2012-08-24 14:31:39,026 - core - INFO - New task was added to the list
2012-08-24 14:31:41,815 - core - INFO - Processing started for all the items of the list
2012-08-24 14:36:13,009 - core - INFO - Processing finished for all the items of the list
2012-08-24 14:36:17,042 - core - INFO - Exiting...
2012-08-24 14:36:25,930 - core - INFO - New task was added to the list
2012-08-24 14:36:45,164 - core - INFO - Exiting...
2012-08-24 14:37:32,224 - core - INFO - New task was added to the list
2012-08-24 14:37:44,460 - core - INFO - Exiting...
2012-08-24 14:38:17,762 - core - INFO - New task was added to the list
2012-08-24 14:38:46,148 - core - INFO - Exiting...
2012-08-24 14:38:58,375 - core - INFO - New task was added to the list
2012-08-24 14:39:25,622 - core - INFO - Exiting...
2012-08-24 14:51:20,756 - core - INFO - Exiting...
2012-08-24 15:54:25,176 - core - INFO - New task was added to the list
2012-08-24 15:55:15,234 - core - INFO - Exiting...
2012-08-24 16:44:22,828 - core - INFO - Exiting...
2012-08-27 10:03:19,414 - core - INFO - New task was added to the list
2012-08-27 10:03:22,286 - core - INFO - Processing started for all the items of the list
2012-08-27 10:03:22,302 - core - INFO - Processing finished for all the items of the list
2012-08-27 10:03:44,279 - core - INFO - New task was added to the list
2012-08-27 10:03:45,299 - core - INFO - Processing started for all the items of the list
2012-08-27 10:05:23,055 - core - INFO - Processing finished for all the items of the list
2012-08-27 10:45:55,681 - core - INFO - Exiting...
2012-08-27 11:43:33,345 - core - INFO - New task was added to the list
2012-08-27 11:43:34,437 - core - INFO - Processing started for all the items of the list
2012-08-27 11:43:45,430 - core - INFO - Exiting...
2012-08-27 11:45:19,224 - core - INFO - New task was added to the list
2012-08-27 11:45:20,622 - core - INFO - Processing started for all the items of the list
2012-08-27 11:45:35,825 - core - INFO - Exiting...
2012-08-27 11:47:01,404 - core - INFO - New task was added to the list
2012-08-27 11:47:02,506 - core - INFO - Processing started for all the items of the list
2012-08-27 11:49:11,542 - core - INFO - Processing finished for all the items of the list
2012-08-27 11:49:14,982 - core - INFO - Exiting...
2012-08-27 12:24:51,167 - core - INFO - New task was added to the list
2012-08-27 12:24:52,651 - core - INFO - Processing started for all the items of the list
2012-08-27 12:26:02,737 - core - INFO - New task was added to the list
2012-08-27 12:26:03,608 - core - INFO - Processing started for all the items of the list
2012-08-27 12:28:29,846 - core - INFO - Processing finished for all the items of the list
2012-08-27 12:29:39,582 - core - INFO - Exiting...
2012-08-27 12:43:29,913 - core - INFO - New task was added to the list
2012-08-27 12:43:30,938 - core - INFO - Processing started for all the items of the list
2012-08-27 12:45:51,015 - core - INFO - Processing finished for all the items of the list
2012-08-27 12:46:49,137 - core - INFO - Exiting...
2012-08-27 12:47:11,793 - core - INFO - New task was added to the list
2012-08-27 12:47:13,408 - core - INFO - Processing started for all the items of the list
2012-08-27 12:49:11,739 - core - INFO - Processing finished for all the items of the list
2012-08-27 12:49:16,420 - core - INFO - Exiting...
2012-08-27 12:50:44,750 - core - INFO - New task was added to the list
2012-08-27 12:50:46,180 - core - INFO - Processing started for all the items of the list
2012-08-27 12:52:42,171 - core - INFO - Processing finished for all the items of the list
2012-08-27 12:54:32,763 - core - INFO - Processing started for all the items of the list
2012-08-27 12:54:32,766 - core - INFO - Processing finished for all the items of the list
2012-08-27 12:55:01,680 - core - INFO - Exiting...
2012-08-27 12:57:30,178 - core - INFO - New task was added to the list
2012-08-27 12:57:35,911 - core - INFO - Processing started for all the items of the list
2012-08-27 12:59:37,555 - core - INFO - Processing finished for all the items of the list
2012-08-27 13:02:20,315 - core - INFO - Exiting...
2012-10-16 15:18:36,276 - core - INFO - New task was added to the list
2012-10-16 15:18:38,926 - core - INFO - Processing started for all the items of the list
2012-10-16 15:22:21,210 - core - INFO - Exiting...
2012-10-16 15:22:58,989 - core - INFO - New task was added to the list
2012-10-16 15:23:01,285 - core - INFO - Processing started for all the items of the list
2012-10-16 15:24:09,582 - core - INFO - Processing finished for all the items of the list
2012-10-16 15:25:56,579 - core - INFO - New task was added to the list
2012-10-16 15:25:57,627 - core - INFO - Processing started for all the items of the list
2012-10-16 15:26:35,332 - core - INFO - Processing finished for all the items of the list
2012-10-16 15:38:36,313 - core - INFO - Exiting...
2012-10-16 15:42:27,943 - core - INFO - New task was added to the list
2012-10-16 15:42:28,895 - core - INFO - Processing started for all the items of the list
2012-10-16 15:43:03,013 - core - INFO - Processing finished for all the items of the list
2012-10-16 17:07:28,667 - core - INFO - Exiting...
2012-12-03 11:53:17,894 - core - INFO - Exiting...
2012-12-03 12:46:33,575 - core - INFO - Exiting...
2012-12-03 13:09:08,269 - core - INFO - Exiting...
2012-12-03 15:46:11,697 - core - INFO - Exiting...
2012-12-03 16:58:34,276 - core - INFO - Exiting...
2012-12-03 16:58:44,790 - core - INFO - Exiting...
2012-12-03 16:59:08,928 - core - INFO - Exiting...
2012-12-03 17:02:28,025 - core - INFO - Exiting...
2012-12-03 17:04:00,911 - core - INFO - Exiting...
2012-12-03 17:04:21,141 - core - INFO - Exiting...
2012-12-03 17:05:12,937 - core - INFO - Exiting...
2012-12-03 17:09:40,571 - core - INFO - Exiting...
2012-12-03 17:11:41,158 - core - INFO - Exiting...
2012-12-03 17:11:57,599 - core - INFO - Exiting...
2012-12-03 17:12:45,599 - core - INFO - Exiting...
2012-12-03 17:13:01,957 - core - INFO - Exiting...
2012-12-03 17:13:23,517 - core - INFO - Exiting...
2012-12-03 17:13:37,237 - core - INFO - Exiting...
2012-12-03 17:18:55,005 - core - INFO - Exiting...
2012-12-03 17:28:17,815 - core - INFO - Exiting...
2012-12-04 10:18:12,020 - core - INFO - Exiting...
2012-12-04 10:21:39,418 - core - INFO - Exiting...
2012-12-04 10:28:50,857 - core - INFO - Exiting...
2012-12-04 10:29:00,194 - core - INFO - Exiting...
2012-12-04 10:29:33,867 - core - INFO - Exiting...
2012-12-04 10:30:56,309 - core - INFO - Exiting...
2012-12-04 10:31:03,828 - core - INFO - Exiting...
2012-12-04 10:31:11,410 - core - INFO - Exiting...
2012-12-04 10:31:26,417 - core - INFO - Exiting...
2012-12-04 10:32:16,118 - core - INFO - Exiting...
2012-12-04 10:33:55,349 - core - INFO - Exiting...
2012-12-04 10:34:04,035 - core - INFO - Exiting...
2012-12-04 10:34:18,631 - core - INFO - Exiting...
2012-12-04 10:36:10,808 - core - INFO - Exiting...
2012-12-04 10:36:42,690 - core - INFO - Exiting...
2012-12-04 10:36:51,907 - core - INFO - Exiting...
2012-12-04 10:52:23,244 - core - INFO - Exiting...
2012-12-04 10:52:33,928 - core - INFO - Exiting...
2012-12-04 11:04:39,006 - core - INFO - Exiting...
2012-12-04 11:35:21,058 - core - INFO - Exiting...
2012-12-04 11:36:29,808 - core - INFO - Exiting...
2012-12-04 11:42:30,489 - core - INFO - Exiting...
2012-12-04 11:47:24,168 - core - INFO - Exiting...
2012-12-04 11:48:39,835 - core - INFO - Exiting...
2012-12-04 11:50:06,289 - core - INFO - Exiting...
2012-12-04 11:50:17,540 - core - INFO - Exiting...
2012-12-04 12:05:31,424 - core - INFO - Exiting...
2012-12-04 12:08:23,398 - core - INFO - Exiting...
2012-12-04 12:16:11,542 - core - INFO - Exiting...
2012-12-04 12:17:04,016 - core - INFO - Exiting...
2012-12-04 12:24:17,877 - core - INFO - Exiting...
2012-12-04 12:26:16,971 - core - INFO - New task was added to the list
2012-12-04 13:20:12,940 - core - INFO - Exiting...
2012-12-04 13:20:21,315 - core - INFO - Exiting...
2012-12-04 13:20:57,059 - core - INFO - Exiting...
2012-12-04 13:21:18,290 - core - INFO - Exiting...
2012-12-04 13:21:35,819 - core - INFO - Exiting...
2012-12-04 13:41:47,259 - core - INFO - Exiting...
2012-12-04 13:43:44,496 - core - INFO - Exiting...
2012-12-04 14:44:59,812 - core - INFO - Exiting...
2012-12-04 15:23:50,634 - core - INFO - Exiting...
2012-12-04 15:55:17,687 - core - INFO - Exiting...
2012-12-04 15:55:42,144 - core - INFO - Exiting...
2012-12-04 15:57:05,671 - core - INFO - Exiting...
2012-12-04 15:58:12,628 - core - INFO - Exiting...
2012-12-04 16:26:40,888 - core - INFO - Exiting...
2012-12-04 16:26:48,194 - core - INFO - New task was added to the list
2012-12-04 16:26:54,456 - core - INFO - Exiting...
2012-12-04 16:27:58,691 - core - INFO - New task was added to the list
2012-12-04 16:28:02,775 - core - INFO - Exiting...
2012-12-04 16:30:55,286 - core - INFO - New task was added to the list
2012-12-04 16:32:26,336 - core - INFO - New task was added to the list
2012-12-04 16:32:39,778 - core - INFO - Exiting...
2012-12-04 16:34:34,552 - core - INFO - New task was added to the list
2012-12-04 16:35:29,960 - core - INFO - New task was added to the list
2012-12-04 16:51:00,269 - core - INFO - Exiting...
2012-12-04 16:55:04,354 - core - INFO - New task was added to the list
2012-12-04 17:04:55,456 - core - INFO - Exiting...
2012-12-04 17:05:25,953 - core - INFO - New task was added to the list
2012-12-04 17:06:13,765 - core - INFO - Exiting...
2012-12-04 17:07:12,338 - core - INFO - New task was added to the list
2012-12-04 17:07:42,746 - core - INFO - New task was added to the list
2012-12-04 17:09:10,598 - core - INFO - Task was removed from the list
2012-12-04 17:09:26,326 - core - INFO - New task was added to the list
2012-12-04 17:10:37,546 - core - INFO - Exiting...
2012-12-05 10:07:04,598 - core - INFO - New task was added to the list
2012-12-05 10:07:27,029 - core - INFO - Exiting...
2012-12-05 10:11:38,002 - core - INFO - New task was added to the list
2012-12-05 10:13:24,326 - core - INFO - Task was removed from the list
2012-12-05 10:13:41,492 - core - INFO - New task was added to the list
2012-12-05 10:20:09,503 - core - INFO - Exiting...
2012-12-05 10:20:27,523 - core - INFO - New task was added to the list
2012-12-05 10:20:37,211 - core - INFO - Task was removed from the list
2012-12-05 10:20:38,441 - core - INFO - New task was added to the list
2012-12-05 10:20:48,487 - core - INFO - Task was removed from the list
2012-12-05 10:21:07,936 - core - INFO - Exiting...
2012-12-05 10:23:18,362 - core - INFO - New task was added to the list
2012-12-05 10:23:32,407 - core - INFO - Task was removed from the list
2012-12-05 10:23:33,266 - core - INFO - New task was added to the list
2012-12-05 10:54:11,750 - core - INFO - Exiting...
2012-12-05 11:01:04,650 - core - INFO - Exiting...
2012-12-05 11:04:13,938 - core - INFO - Exiting...
2012-12-05 11:16:36,269 - core - INFO - Exiting...
2012-12-05 12:14:15,141 - core - INFO - New task was added to the list
2012-12-05 12:14:44,496 - core - INFO - Exiting...
2012-12-05 12:17:38,296 - core - INFO - Exiting...
2012-12-05 12:20:39,177 - core - INFO - Exiting...
2012-12-05 12:20:49,456 - core - INFO - New task was added to the list
2012-12-05 12:21:20,453 - core - INFO - Exiting...
2012-12-05 12:34:20,053 - core - INFO - New task was added to the list
2012-12-05 12:34:20,059 - core - INFO - New task was added to the list
2012-12-05 12:35:07,684 - core - INFO - New task was added to the list
2012-12-05 12:35:07,704 - core - INFO - New task was added to the list
2012-12-05 12:35:45,065 - core - INFO - Processing started for all the items of the list
2012-12-05 12:40:15,437 - core - INFO - Processing finished for all the items of the list
2012-12-05 12:40:43,974 - core - INFO - Exiting...
2012-12-05 15:59:30,858 - core - INFO - New task was added to the list
2012-12-05 15:59:35,020 - core - INFO - Task was removed from the list
2012-12-05 15:59:36,490 - core - INFO - New task was added to the list
2012-12-05 15:59:36,505 - core - INFO - New task was added to the list
2012-12-05 16:11:13,194 - core - INFO - Task was removed from the list
2012-12-05 16:11:14,471 - core - INFO - Task was removed from the list
2012-12-05 16:11:17,142 - core - INFO - Exiting...
2012-12-05 16:11:26,611 - core - INFO - New task was added to the list
2012-12-05 16:11:26,615 - core - INFO - New task was added to the list
2012-12-05 16:11:47,948 - core - INFO - Task was removed from the list
2012-12-05 16:11:49,223 - core - INFO - Task was removed from the list
2012-12-05 16:11:50,851 - core - INFO - Exiting...
2012-12-05 16:12:41,276 - core - INFO - Exiting...
2012-12-05 16:13:00,625 - core - INFO - New task was added to the list
2012-12-05 16:13:00,638 - core - INFO - New task was added to the list
2012-12-05 16:13:45,220 - core - INFO - New task was added to the list
2012-12-05 16:13:45,226 - core - INFO - New task was added to the list
2012-12-05 16:14:40,430 - core - INFO - New task was added to the list
2012-12-05 16:14:40,437 - core - INFO - New task was added to the list
2012-12-05 16:16:23,115 - core - INFO - New task was added to the list
2012-12-05 16:16:23,119 - core - INFO - New task was added to the list
2012-12-05 16:16:41,589 - core - INFO - New task was added to the list
2012-12-05 16:16:41,594 - core - INFO - New task was added to the list
2012-12-05 16:17:40,148 - core - INFO - Task was removed from the list
2012-12-05 16:17:41,311 - core - INFO - Task was removed from the list
2012-12-05 16:17:42,321 - core - INFO - Task was removed from the list
2012-12-05 16:17:43,269 - core - INFO - Task was removed from the list
2012-12-06 10:39:25,450 - core - INFO - New task was added to the list
2012-12-06 10:39:25,453 - core - INFO - New task was added to the list
2012-12-06 10:40:39,339 - core - INFO - Task was removed from the list
2012-12-06 10:40:40,476 - core - INFO - Task was removed from the list
2012-12-06 10:42:56,539 - core - INFO - New task was added to the list
2012-12-06 10:42:56,543 - core - INFO - New task was added to the list
2012-12-06 10:47:57,446 - core - INFO - New task was added to the list
2012-12-06 10:48:02,180 - core - INFO - Task was removed from the list
2012-12-06 10:48:03,595 - core - INFO - Task was removed from the list
2012-12-06 10:48:04,816 - core - INFO - Task was removed from the list
2012-12-06 11:11:48,282 - core - INFO - Exiting...
2012-12-06 11:12:35,108 - core - INFO - Exiting...
2012-12-06 12:31:59,023 - core - INFO - New task was added to the list
2012-12-06 12:31:59,029 - core - INFO - New task was added to the list
2012-12-06 12:38:54,473 - core - INFO - Task was removed from the list
2012-12-06 12:38:55,664 - core - INFO - Task was removed from the list
2012-12-06 13:08:37,244 - core - INFO - Exiting...
2012-12-06 13:08:47,075 - core - INFO - Exiting...
2012-12-06 13:22:01,882 - core - INFO - Exiting...
2012-12-06 13:22:12,184 - core - INFO - Exiting...
2012-12-06 14:36:41,144 - core - INFO - Exiting...
2012-12-06 14:40:21,490 - core - INFO - Exiting...
2012-12-06 14:43:51,072 - core - INFO - Exiting...
2012-12-06 14:44:27,923 - core - INFO - Exiting...
2012-12-06 14:44:58,193 - core - INFO - Exiting...
2012-12-06 14:46:51,135 - core - INFO - Exiting...
2012-12-06 14:47:22,539 - core - INFO - Exiting...
2012-12-06 14:51:48,221 - core - INFO - Exiting...
2012-12-06 14:56:34,230 - core - INFO - Exiting...
2012-12-06 15:09:17,507 - core - INFO - New task was added to the list
2012-12-06 15:09:17,512 - core - INFO - New task was added to the list
2012-12-06 15:10:14,092 - core - INFO - Task was removed from the list
2012-12-06 15:10:15,598 - core - INFO - Task was removed from the list
2012-12-06 15:10:57,894 - core - INFO - New task was added to the list
2012-12-06 15:12:39,974 - core - INFO - Exiting...
2012-12-06 15:45:15,467 - core - INFO - New task was added to the list
2012-12-06 15:47:20,848 - core - INFO - Exiting...
2012-12-06 15:47:48,302 - core - INFO - New task was added to the list
2012-12-06 15:52:42,964 - core - INFO - Processing started for all the items of the list
2012-12-06 15:54:59,424 - core - INFO - Processing finished for all the items of the list
2012-12-06 16:00:52,898 - core - INFO - New task was added to the list
2012-12-06 16:01:00,099 - core - INFO - Processing started for all the items of the list
2012-12-06 16:01:31,367 - core - INFO - Processing finished for all the items of the list
2012-12-06 16:01:39,964 - core - INFO - Exiting...
2012-12-07 13:05:52,723 - core - INFO - New task was added to the list
2012-12-07 13:06:07,285 - core - INFO - Task was removed from the list
2012-12-07 13:06:08,016 - core - INFO - New task was added to the list
2012-12-07 13:06:28,655 - core - INFO - Task was removed from the list
2012-12-07 13:06:42,694 - core - INFO - New task was added to the list
2012-12-07 13:07:36,500 - core - INFO - Task was removed from the list
2012-12-07 13:25:44,151 - core - INFO - Exiting...
2012-12-07 13:26:49,204 - core - INFO - Exiting...
2012-12-07 16:04:47,229 - core - INFO - Exiting...
2012-12-11 15:41:41,546 - core - INFO - New task was added to the list
2012-12-11 15:59:24,483 - core - INFO - Exiting...
2012-12-11 15:59:28,960 - core - INFO - Task was removed from the list
2012-12-12 10:10:35,243 - core - INFO - New task was added to the list
2012-12-12 11:11:26,490 - core - INFO - Exiting...
2012-12-12 12:37:55,336 - core - INFO - Exiting...
2012-12-12 17:00:25,572 - core - INFO - Exiting...
2012-12-13 12:16:22,190 - core - INFO - Exiting...
2012-12-13 12:26:46,921 - core - INFO - New task was added to the list
2012-12-13 12:27:23,516 - core - INFO - Exiting...
2012-12-13 12:32:24,128 - core - INFO - Exiting...
2012-12-13 12:33:15,730 - core - INFO - New task was added to the list
2012-12-13 12:33:55,891 - core - INFO - New task was added to the list
2012-12-13 12:35:24,404 - core - INFO - Task was removed from the list
2012-12-13 12:35:25,678 - core - INFO - Task was removed from the list
2012-12-13 12:35:28,783 - core - INFO - Exiting...
2012-12-13 12:46:26,217 - core - INFO - New task was added to the list
2012-12-13 13:00:43,806 - core - INFO - Exiting...
2012-12-13 13:00:48,635 - core - INFO - New task was added to the list
2012-12-13 13:14:56,040 - core - INFO - Exiting...
2012-12-13 13:30:14,296 - core - INFO - New task was added to the list
2012-12-13 13:30:32,753 - core - INFO - Processing started for all the items of the list
2012-12-13 13:30:32,767 - core - INFO - Processing finished for all the items of the list
2012-12-13 13:32:44,262 - core - INFO - New task was added to the list
2012-12-13 13:33:22,796 - core - INFO - Processing started for all the items of the list
2012-12-13 13:33:22,808 - core - INFO - Processing finished for all the items of the list
2012-12-13 13:35:23,078 - core - INFO - New task was added to the list
2012-12-13 13:35:25,361 - core - INFO - Processing started for all the items of the list
2012-12-13 13:35:25,374 - core - INFO - Processing finished for all the items of the list
2012-12-13 13:43:21,694 - core - INFO - New task was added to the list
2012-12-13 13:43:42,650 - core - INFO - Processing started for all the items of the list
2012-12-13 13:46:12,160 - core - INFO - Processing finished for all the items of the list
2012-12-13 13:50:06,200 - core - INFO - Processing started for all the items of the list
2012-12-13 13:50:06,203 - core - INFO - Processing finished for all the items of the list
2012-12-13 13:50:09,694 - core - INFO - Exiting...
2012-12-13 14:47:04,000 - core - INFO - Exiting...
2012-12-13 14:57:29,418 - core - INFO - New task was added to the list
2012-12-13 14:57:36,487 - core - INFO - Processing started for all the items of the list
2012-12-13 14:57:36,493 - core - INFO - Processing finished for all the items of the list
2012-12-13 14:58:48,022 - core - INFO - New task was added to the list
2012-12-13 14:58:49,871 - core - INFO - Processing started for all the items of the list
2012-12-13 14:58:49,878 - core - INFO - Processing finished for all the items of the list
2012-12-13 15:00:15,957 - core - INFO - New task was added to the list
2012-12-13 15:00:16,986 - core - INFO - Processing started for all the items of the list
2012-12-13 15:01:18,142 - core - INFO - Processing finished for all the items of the list
2012-12-13 15:01:20,782 - core - INFO - Exiting...
2012-12-13 15:03:48,545 - core - INFO - Exiting...
2012-12-13 15:08:39,270 - core - INFO - New task was added to the list
2012-12-13 15:08:40,720 - core - INFO - Processing started for all the items of the list
2012-12-13 15:11:50,288 - core - INFO - Processing finished for all the items of the list
2012-12-13 15:11:56,437 - core - INFO - Exiting...
2012-12-13 15:26:00,813 - core - INFO - New task was added to the list
2012-12-13 15:26:20,841 - core - INFO - Processing started for all the items of the list
2012-12-13 15:28:58,861 - core - INFO - Processing finished for all the items of the list
2012-12-13 15:30:07,187 - core - INFO - Exiting...
2012-12-13 15:32:27,308 - core - INFO - New task was added to the list
2012-12-13 15:32:45,874 - core - INFO - Processing started for all the items of the list
2012-12-13 15:35:41,211 - core - INFO - Processing finished for all the items of the list
2012-12-13 15:36:28,450 - core - INFO - Exiting...
2012-12-13 15:38:34,819 - core - INFO - New task was added to the list
2012-12-13 15:39:12,119 - core - INFO - Exiting...
2012-12-13 15:40:46,780 - core - INFO - New task was added to the list
2012-12-13 15:41:29,657 - core - INFO - Exiting...
2012-12-13 16:17:39,661 - core - INFO - Exiting...
2012-12-27 10:01:00,299 - core - INFO - New host directory was specified by the user
2012-12-27 10:01:02,753 - core - INFO - Exiting...
2012-12-27 10:07:18,000 - core - INFO - New host directory was specified by the user
2012-12-27 10:08:36,553 - core - INFO - Exiting...
2012-12-27 10:09:52,355 - core - INFO - New host directory was specified by the user
2012-12-27 10:09:58,358 - core - INFO - Exiting...
2012-12-27 10:11:47,299 - core - INFO - New host directory was specified by the user
2012-12-27 10:11:49,966 - core - INFO - Exiting...
2012-12-27 10:11:59,627 - core - INFO - Exiting...
2013-01-29 11:55:21,474 - core - INFO - Exiting...
2013-01-29 11:56:34,249 - core - INFO - Exiting...
2013-01-29 11:59:31,687 - core - INFO - Exiting...
2013-01-29 12:01:00,299 - core - INFO - Exiting...
2013-01-29 12:04:58,394 - core - INFO - Exiting...
2013-01-29 12:05:25,608 - core - INFO - Exiting...
2013-01-29 12:06:09,901 - core - INFO - Exiting...
2013-01-29 12:13:55,134 - core - INFO - Exiting...
2013-01-29 12:16:53,900 - core - INFO - Exiting...
2013-01-29 12:20:51,154 - core - INFO - New task was added to the list
2013-01-29 12:21:53,132 - core - INFO - New task was added to the list
2013-01-29 12:22:24,973 - core - INFO - Exiting...
2013-01-29 12:22:59,276 - core - INFO - New task was added to the list
2013-01-29 12:25:01,489 - core - INFO - Processing started for all the items of the list
2013-01-29 12:26:48,617 - core - INFO - Processing finished for all the items of the list
2013-01-29 12:27:49,815 - core - INFO - Exiting...
2013-01-29 12:30:14,621 - core - INFO - New task was added to the list
2013-01-29 12:30:35,019 - core - INFO - Exiting...
2013-01-29 12:36:57,269 - core - INFO - New task was added to the list
2013-01-29 12:37:02,930 - core - INFO - Task was removed from the list
2013-01-29 12:37:05,181 - core - INFO - Exiting...
2013-01-29 12:37:55,549 - core - INFO - New task was added to the list
2013-01-29 12:38:04,875 - core - INFO - Exiting...
2013-01-29 12:44:20,993 - core - INFO - New task was added to the list
2013-01-29 12:44:24,959 - core - INFO - Exiting...
2013-01-29 12:45:48,344 - core - INFO - New task was added to the list
2013-01-29 12:46:21,559 - core - INFO - Exiting...
2013-01-29 12:47:17,308 - core - INFO - New task was added to the list
2013-01-29 12:47:24,736 - core - INFO - Exiting...
2013-01-29 12:49:11,305 - core - INFO - Exiting...
2013-01-29 12:50:22,121 - core - INFO - Exiting...
2013-01-29 12:50:51,892 - core - INFO - New task was added to the list
2013-01-29 12:50:58,923 - core - INFO - Exiting...
2013-01-29 13:00:53,259 - core - INFO - Exiting...
2013-01-29 13:33:04,914 - core - CRITICAL - Error in checking applications! Exiting...
2013-01-29 13:33:04,914 - core - CRITICAL - Error in checking applications! Exiting...
2013-01-29 13:36:00,061 - core - CRITICAL - Error in checking applications! Exiting...
2013-01-29 13:40:28,539 - core - INFO - Exiting...
2013-01-30 14:39:07,470 - core - INFO - New task was added to the list
2013-01-30 14:39:23,418 - core - INFO - Exiting...
2013-01-30 14:41:34,517 - core - INFO - New task was added to the list
2013-01-30 14:42:00,963 - core - INFO - Processing started for all the items of the list
2013-01-30 14:44:01,548 - core - INFO - Processing finished for all the items of the list
2013-01-30 14:44:32,660 - core - INFO - Task was removed from the list
2013-01-30 14:44:41,605 - core - INFO - New task was added to the list
2013-01-30 14:44:52,266 - core - INFO - Exiting...
2013-01-30 14:44:58,832 - core - INFO - New task was added to the list
2013-01-30 14:45:37,075 - core - INFO - Exiting...
2013-01-30 14:47:55,825 - core - INFO - Exiting...
2013-02-01 09:14:53,628 - core - INFO - Exiting...
2013-02-01 09:15:40,388 - core - INFO - New task was added to the list
2013-02-01 09:16:03,421 - core - INFO - Task was removed from the list
2013-02-01 09:17:12,335 - core - INFO - New task was added to the list
2013-02-01 09:17:22,328 - core - INFO - Processing started for all the items of the list
2013-02-01 09:19:04,384 - core - INFO - Processing finished for all the items of the list
2013-02-01 09:19:11,647 - core - INFO - Exiting...
2013-02-01 09:19:17,819 - core - INFO - Exiting...
2013-02-01 09:20:06,210 - core - INFO - Exiting...
2013-02-01 09:20:48,582 - core - INFO - Exiting...
2013-02-01 09:23:03,740 - core - INFO - Exiting...
2013-02-01 09:24:02,803 - core - INFO - New task was added to the list
2013-02-01 09:24:04,325 - core - INFO - Processing started for all the items of the list
2013-02-01 09:24:04,474 - core - INFO - Processing finished for all the items of the list
2013-02-01 09:24:36,223 - core - INFO - Exiting...
2013-02-01 09:31:54,740 - core - INFO - New task was added to the list
2013-02-01 09:31:56,081 - core - INFO - Processing started for all the items of the list
2013-02-01 09:32:59,579 - core - INFO - Processing finished for all the items of the list
2013-02-01 09:33:06,519 - core - INFO - Exiting...
2013-02-01 09:33:20,368 - core - INFO - Exiting...
2013-02-01 09:33:57,516 - core - INFO - Exiting...
2013-02-01 09:34:10,006 - core - INFO - New task was added to the list
2013-02-01 09:34:13,920 - core - INFO - Processing started for all the items of the list
2013-02-01 09:34:30,657 - core - INFO - Processing finished for all the items of the list
2013-02-01 09:34:34,177 - core - INFO - Exiting...
2013-02-01 09:35:02,607 - core - INFO - New task was added to the list
2013-02-01 09:35:05,283 - core - INFO - Processing started for all the items of the list
2013-02-01 09:35:22,003 - core - INFO - Processing finished for all the items of the list
2013-02-01 09:35:38,247 - core - INFO - Exiting...
2013-02-01 10:01:51,000 - core - INFO - Exiting...
2013-02-01 10:03:12,375 - core - INFO - Exiting...
2013-02-01 10:03:23,390 - core - INFO - Exiting...
2013-02-06 13:19:13,500 - core - ERROR - Error in checking host directory. Directory "."                        will be used instead
2013-02-06 13:21:23,625 - core - CRITICAL - Error in checking applications! Exiting...
2013-02-06 13:35:01,009 - core - INFO - Exiting...
2013-02-06 13:36:21,338 - core - INFO - Exiting...
2013-02-06 13:40:18,362 - core - INFO - Exiting...
2013-02-06 14:07:02,829 - core - INFO - New task was added to the list
2013-02-06 14:07:11,388 - core - INFO - Processing started for all the items of the list
2013-02-06 14:07:11,446 - core - INFO - Processing finished for all the items of the list
2013-02-06 14:14:03,634 - core - INFO - Exiting...
2013-02-06 14:14:26,213 - core - INFO - New task was added to the list
2013-02-06 14:14:29,624 - core - INFO - Processing started for all the items of the list
2013-02-06 14:14:29,721 - core - INFO - Processing finished for all the items of the list
2013-02-06 14:15:26,263 - core - INFO - New task was added to the list
2013-02-06 14:15:27,790 - core - INFO - Processing started for all the items of the list
2013-02-06 14:15:27,907 - core - INFO - Processing finished for all the items of the list
2013-02-06 14:20:38,993 - core - INFO - New task was added to the list
2013-02-06 14:20:40,423 - core - INFO - Processing started for all the items of the list
2013-02-06 14:20:40,480 - core - INFO - Processing finished for all the items of the list
2013-02-28 12:30:35,834 - core - INFO - Exiting...
2013-02-28 12:32:04,367 - core - INFO - Exiting...
2013-04-10 10:22:10,122 - core - INFO - New task was added to the list
2013-04-10 10:22:11,605 - core - INFO - Processing started for all the items of the list
2013-04-10 10:22:24,062 - core - INFO - Processing finished for all the items of the list
2013-04-10 10:23:02,368 - core - INFO - Processing started for all the items of the list
2013-04-10 10:23:02,378 - core - INFO - Processing finished for all the items of the list
2013-04-10 10:23:05,431 - core - INFO - Task was removed from the list
2013-04-10 10:23:07,244 - core - INFO - New task was added to the list
2013-04-10 10:23:08,316 - core - INFO - Processing started for all the items of the list
2013-04-10 10:23:16,749 - core - INFO - Processing finished for all the items of the list
2013-04-10 10:23:31,940 - core - INFO - Exiting...
2013-04-10 10:41:08,790 - core - INFO - New task was added to the list
2013-04-10 10:55:56,844 - core - INFO - Task was removed from the list
2013-04-10 10:56:00,459 - core - INFO - New task was added to the list
2013-04-10 10:56:02,371 - core - INFO - Processing started for all the items of the list
2013-04-10 10:56:02,441 - core - INFO - Processing finished for all the items of the list
2013-04-10 10:56:06,305 - core - INFO - Task was removed from the list
2013-04-10 10:56:07,286 - core - INFO - New task was added to the list
2013-04-10 10:56:09,358 - core - INFO - Processing started for all the items of the list
2013-04-10 10:56:18,763 - core - INFO - Processing finished for all the items of the list
2013-04-10 10:56:49,786 - core - INFO - Exiting...
2013-04-10 10:58:49,621 - core - INFO - New task was added to the list
2013-04-10 10:59:24,749 - core - INFO - Processing started for all the items of the list
2013-04-10 10:59:24,789 - core - INFO - Processing finished for all the items of the list
2013-04-10 10:59:31,463 - core - INFO - Exiting...
2013-04-10 11:00:03,099 - core - INFO - New task was added to the list
2013-04-10 11:01:15,394 - core - INFO - Processing started for all the items of the list
2013-04-10 11:06:12,795 - core - INFO - New task was added to the list
2013-04-10 11:06:14,926 - core - INFO - Processing started for all the items of the list
2013-04-10 11:06:53,878 - core - INFO - Processing finished for all the items of the list
2013-04-10 11:16:24,206 - core - INFO - Task was removed from the list
2013-04-10 11:16:37,605 - core - INFO - New task was added to the list
2013-04-10 11:16:40,650 - core - INFO - Processing started for all the items of the list
2013-04-10 11:16:49,111 - core - INFO - Processing finished for all the items of the list
2013-04-10 11:17:15,591 - core - INFO - Exiting...
2013-04-10 11:19:12,154 - core - INFO - New task was added to the list
2013-04-10 11:19:15,102 - core - INFO - Processing started for all the items of the list
2013-04-10 11:19:27,822 - core - INFO - Processing finished for all the items of the list
2013-04-10 11:19:32,237 - core - INFO - Task was removed from the list
2013-04-10 11:19:33,575 - core - INFO - New task was added to the list
2013-04-10 11:19:34,683 - core - INFO - Processing started for all the items of the list
2013-04-10 11:19:47,832 - core - INFO - Processing finished for all the items of the list
2013-04-10 12:44:52,191 - core - INFO - New task was added to the list
2013-04-10 12:45:16,312 - core - INFO - Exiting...
2013-04-10 12:46:58,881 - core - INFO - New task was added to the list
2013-04-10 12:47:00,404 - core - INFO - Processing started for all the items of the list
2013-04-10 12:47:00,513 - core - INFO - Processing finished for all the items of the list
2013-04-10 12:47:13,171 - core - INFO - Task was removed from the list
2013-04-10 12:47:14,369 - core - INFO - New task was added to the list
2013-04-10 12:47:15,528 - core - INFO - Processing started for all the items of the list
2013-04-10 12:47:19,851 - core - INFO - Processing finished for all the items of the list
2013-04-10 12:54:32,726 - core - INFO - Task was removed from the list
2013-04-10 12:54:34,969 - core - INFO - New task was added to the list
2013-04-10 12:54:36,220 - core - INFO - Processing started for all the items of the list
2013-04-10 12:54:41,838 - core - INFO - Processing finished for all the items of the list
2013-04-10 13:11:13,003 - core - INFO - Task was removed from the list
2013-04-10 13:12:37,124 - core - INFO - Exiting...
2013-04-10 13:12:47,434 - core - INFO - New task was added to the list
2013-04-10 13:14:56,542 - core - INFO - Processing started for all the items of the list
2013-04-10 13:14:56,602 - core - INFO - Processing finished for all the items of the list
2013-04-10 13:15:02,197 - core - INFO - Task was removed from the list
2013-04-10 13:15:03,358 - core - INFO - New task was added to the list
2013-04-10 13:15:04,581 - core - INFO - Processing started for all the items of the list
2013-04-10 13:15:14,776 - core - INFO - Processing finished for all the items of the list
2013-04-10 13:15:19,443 - core - INFO - Exiting...
2013-04-10 13:24:00,223 - core - INFO - Exiting...
2013-04-10 15:12:58,490 - core - INFO - New task was added to the list
2013-04-10 15:13:00,973 - core - INFO - Processing started for all the items of the list
2013-04-10 15:13:13,267 - core - INFO - Exiting...
2013-04-10 15:13:36,595 - core - INFO - New task was added to the list
2013-04-10 15:13:37,934 - core - INFO - Processing started for all the items of the list
2013-04-10 15:13:49,421 - core - INFO - Exiting...
2013-04-10 15:19:03,986 - core - INFO - New task was added to the list
2013-04-10 15:19:05,519 - core - INFO - Processing started for all the items of the list
2013-04-10 15:19:21,167 - core - INFO - Exiting...
2013-04-10 15:22:20,390 - core - INFO - New task was added to the list
2013-04-10 15:22:21,812 - core - INFO - Processing started for all the items of the list
2013-04-10 15:22:27,645 - core - INFO - Exiting...
2013-04-10 15:24:30,173 - core - INFO - New task was added to the list
2013-04-10 15:24:31,345 - core - INFO - Processing started for all the items of the list
2013-04-10 15:24:36,619 - core - INFO - Exiting...
2013-04-10 15:28:26,233 - core - INFO - New task was added to the list
2013-04-10 15:28:27,460 - core - INFO - Processing started for all the items of the list
2013-04-10 15:28:32,460 - core - INFO - Exiting...
2013-04-10 15:29:09,608 - core - INFO - New task was added to the list
2013-04-10 15:29:10,558 - core - INFO - Processing started for all the items of the list
2013-04-10 15:29:17,664 - core - INFO - Exiting...
2013-04-10 15:32:59,627 - core - INFO - New task was added to the list
2013-04-10 15:33:01,132 - core - INFO - Processing started for all the items of the list
2013-04-10 15:33:07,030 - core - INFO - Exiting...
2013-04-10 15:43:19,345 - core - INFO - New task was added to the list
2013-04-10 15:43:20,434 - core - INFO - Processing started for all the items of the list
2013-04-10 15:45:22,246 - core - INFO - New task was added to the list
2013-04-10 15:45:23,365 - core - INFO - Processing started for all the items of the list
2013-04-10 15:45:32,505 - core - INFO - Exiting...
2013-04-10 15:46:08,868 - core - INFO - New task was added to the list
2013-04-10 15:46:10,178 - core - INFO - Processing started for all the items of the list
2013-04-10 15:48:58,085 - core - INFO - Exiting...
2013-04-10 15:49:50,776 - core - INFO - New task was added to the list
2013-04-10 15:49:52,401 - core - INFO - Processing started for all the items of the list
2013-04-10 15:50:02,453 - core - INFO - Exiting...
2013-04-10 15:50:49,673 - core - INFO - New task was added to the list
2013-04-10 15:50:51,494 - core - INFO - Processing started for all the items of the list
2013-04-10 15:50:56,108 - core - INFO - Exiting...
2013-04-10 15:51:30,836 - core - INFO - New task was added to the list
2013-04-10 15:51:33,049 - core - INFO - Processing started for all the items of the list
2013-04-10 15:54:26,937 - core - INFO - Exiting...
2013-04-10 15:55:20,352 - core - INFO - New task was added to the list
2013-04-10 15:55:23,170 - core - INFO - Processing started for all the items of the list
2013-04-10 15:56:28,719 - core - INFO - Exiting...
2013-04-10 15:57:18,655 - core - INFO - New task was added to the list
2013-04-10 15:57:19,736 - core - INFO - Processing started for all the items of the list
2013-04-10 15:57:27,017 - core - INFO - Exiting...
2013-04-10 16:35:31,173 - core - INFO - New task was added to the list
2013-04-10 16:35:32,795 - core - INFO - Processing started for all the items of the list
2013-04-10 16:37:33,224 - core - INFO - New task was added to the list
2013-04-10 16:37:34,382 - core - INFO - Processing started for all the items of the list
2013-04-10 16:38:59,246 - core - INFO - Exiting...
2013-04-10 16:39:46,200 - core - INFO - New task was added to the list
2013-04-10 16:39:54,911 - core - INFO - Exiting...
2013-04-10 16:40:31,660 - core - INFO - New task was added to the list
2013-04-10 16:40:38,397 - core - INFO - Exiting...
2013-04-10 16:41:21,303 - core - INFO - New task was added to the list
2013-04-10 16:41:26,816 - core - INFO - Exiting...
2013-04-10 16:42:37,164 - core - INFO - New task was added to the list
2013-04-10 16:42:43,960 - core - INFO - Exiting...
2013-04-10 16:43:38,085 - core - INFO - New task was added to the list
2013-04-10 16:43:39,538 - core - INFO - Processing started for all the items of the list
2013-04-10 16:43:47,674 - core - INFO - Exiting...
2013-04-10 16:44:22,790 - core - INFO - New task was added to the list
2013-04-10 16:44:24,002 - core - INFO - Processing started for all the items of the list
2013-04-10 16:44:28,446 - core - INFO - Exiting...
2013-04-10 16:45:11,634 - core - INFO - New task was added to the list
2013-04-10 16:45:12,526 - core - INFO - Processing started for all the items of the list
2013-04-10 16:45:17,316 - core - INFO - Exiting...
2013-04-10 16:45:54,184 - core - INFO - New task was added to the list
2013-04-10 16:45:55,229 - core - INFO - Processing started for all the items of the list
2013-04-10 16:46:55,605 - core - INFO - Processing finished for all the items of the list
2013-04-10 16:47:10,266 - core - INFO - Task was removed from the list
2013-04-10 16:47:12,994 - core - INFO - New task was added to the list
2013-04-10 16:47:14,132 - core - INFO - Processing started for all the items of the list
2013-04-10 16:48:17,835 - core - INFO - Processing finished for all the items of the list
2013-04-10 16:48:24,076 - core - INFO - Task was removed from the list
2013-04-10 16:48:41,910 - core - INFO - New task was added to the list
2013-04-10 16:48:44,457 - core - INFO - Processing started for all the items of the list
2013-04-10 16:51:42,976 - core - INFO - Processing finished for all the items of the list
2013-04-10 16:52:07,367 - core - INFO - Exiting...
2013-04-10 16:53:39,757 - core - INFO - New task was added to the list
2013-04-10 16:53:45,724 - core - INFO - Processing started for all the items of the list
2013-04-10 16:56:45,881 - core - INFO - Processing finished for all the items of the list
2013-04-10 16:56:57,279 - core - INFO - Exiting...
2013-04-11 10:36:53,717 - core - INFO - Exiting...
2013-04-11 10:38:50,003 - core - INFO - Exiting...
2013-04-11 10:43:09,180 - core - INFO - Exiting...
2013-04-11 12:55:59,944 - core - INFO - Exiting...
2013-04-11 12:57:01,608 - core - INFO - Exiting...
2013-04-11 13:04:08,674 - core - INFO - Exiting...
2013-04-11 13:04:45,954 - core - INFO - Exiting...
2013-04-11 13:08:21,982 - core - INFO - Exiting...
2013-04-11 13:25:40,901 - core - INFO - Exiting...
2013-04-11 13:27:05,653 - core - INFO - New task was added to the list
2013-04-11 13:27:07,848 - core - INFO - Processing started for all the items of the list
2013-04-11 13:27:23,410 - core - INFO - Processing finished for all the items of the list
2013-04-11 13:27:45,285 - core - INFO - Task was removed from the list
2013-04-11 13:27:46,897 - core - INFO - New task was added to the list
2013-04-11 13:27:48,312 - core - INFO - Processing started for all the items of the list
2013-04-11 13:28:00,305 - core - INFO - Processing finished for all the items of the list
2013-04-11 13:28:03,604 - core - INFO - Exiting...
2013-04-11 14:36:06,197 - core - INFO - New task was added to the list
2013-04-11 14:42:31,936 - core - INFO - Exiting...
2013-04-11 14:45:33,338 - core - INFO - Exiting...
2013-04-11 15:04:55,611 - core - INFO - Exiting...
2013-04-11 15:07:58,963 - core - INFO - Exiting...
2013-04-11 15:21:19,305 - core - INFO - Exiting...
2013-04-11 15:22:31,628 - core - INFO - Exiting...
2013-04-11 15:22:59,128 - core - INFO - Exiting...
2013-04-11 15:23:26,592 - core - INFO - Exiting...
2013-04-11 15:25:11,535 - core - INFO - Processing started for all the items of the list
2013-04-11 15:25:11,569 - core - INFO - Processing finished for all the items of the list
2013-04-11 15:25:29,553 - core - INFO - Task was removed from the list
2013-04-11 15:25:35,733 - core - INFO - New task was added to the list
2013-04-11 15:25:37,891 - core - INFO - Processing started for all the items of the list
2013-04-11 15:25:50,421 - core - INFO - Processing finished for all the items of the list
2013-04-11 15:27:53,484 - core - INFO - Processing started for all the items of the list
2013-04-11 15:27:53,578 - core - INFO - Processing finished for all the items of the list
2013-04-11 15:28:49,796 - core - INFO - Exiting...
2013-04-11 15:30:07,976 - core - INFO - Processing started for all the items of the list
2013-04-11 15:32:44,513 - core - INFO - Processing finished for all the items of the list
2013-04-11 15:34:09,206 - core - INFO - Exiting...
2013-04-11 15:35:29,467 - core - INFO - Processing started for all the items of the list
2013-04-11 15:36:19,506 - core - INFO - Processing finished for all the items of the list
2013-04-11 15:38:53,092 - core - INFO - Processing started for all the items of the list
2013-04-11 15:39:02,305 - core - INFO - Exiting...
2013-04-11 15:40:59,233 - core - INFO - Exiting...
2013-04-11 15:43:44,946 - core - INFO - Exiting...
2013-04-11 15:45:24,644 - core - INFO - Exiting...
2013-04-11 15:47:12,904 - core - INFO - Processing started for all the items of the list
2013-04-11 15:49:00,930 - core - INFO - Exiting...
2013-04-11 15:49:34,974 - core - INFO - Processing started for all the items of the list
2013-04-11 15:50:45,825 - core - INFO - Exiting...
2013-04-11 15:51:12,622 - core - INFO - New task was added to the list
2013-04-11 15:51:13,841 - core - INFO - Processing started for all the items of the list
2013-04-11 15:51:33,427 - core - INFO - Exiting...
2013-04-11 15:51:49,815 - core - INFO - New task was added to the list
2013-04-11 15:51:50,673 - core - INFO - Processing started for all the items of the list
2013-04-11 15:51:57,734 - core - INFO - Processing finished for all the items of the list
2013-04-11 15:52:05,013 - core - INFO - Exiting...
2013-04-11 16:01:43,240 - core - INFO - New task was added to the list
2013-04-11 16:01:44,322 - core - INFO - Processing started for all the items of the list
2013-04-11 16:02:01,956 - core - INFO - Exiting...
2013-04-11 16:04:37,838 - core - INFO - New task was added to the list
2013-04-11 16:04:38,930 - core - INFO - Processing started for all the items of the list
2013-04-11 16:04:48,609 - core - INFO - Exiting...
2013-04-11 16:04:58,450 - core - INFO - New task was added to the list
2013-04-11 16:04:59,765 - core - INFO - Processing started for all the items of the list
2013-04-11 16:05:04,221 - core - INFO - Exiting...
2013-04-11 16:09:35,355 - core - INFO - New task was added to the list
2013-04-11 16:09:36,345 - core - INFO - Processing started for all the items of the list
2013-04-11 16:09:38,926 - core - INFO - Exiting...
2013-04-11 16:10:04,789 - core - INFO - New task was added to the list
2013-04-11 16:10:05,746 - core - INFO - Processing started for all the items of the list
2013-04-11 16:10:08,732 - core - INFO - Exiting...
2013-04-11 16:11:45,390 - core - INFO - New task was added to the list
2013-04-11 16:11:46,464 - core - INFO - Processing started for all the items of the list
2013-04-11 16:11:51,785 - core - INFO - Exiting...
2013-04-11 16:13:04,729 - core - INFO - New task was added to the list
2013-04-11 16:13:05,729 - core - INFO - Processing started for all the items of the list
2013-04-11 16:13:13,355 - core - INFO - Exiting...
2013-04-11 16:14:26,724 - core - INFO - New task was added to the list
2013-04-11 16:14:27,755 - core - INFO - Processing started for all the items of the list
2013-04-11 16:14:33,753 - core - INFO - Exiting...
2013-04-11 16:15:27,785 - core - INFO - New task was added to the list
2013-04-11 16:15:28,707 - core - INFO - Processing started for all the items of the list
2013-04-11 16:15:33,130 - core - INFO - Exiting...
2013-04-11 16:17:40,651 - core - INFO - New task was added to the list
2013-04-11 16:17:41,569 - core - INFO - Processing started for all the items of the list
2013-04-11 16:17:52,296 - core - INFO - Processing finished for all the items of the list
2013-04-11 16:17:56,519 - core - INFO - Exiting...
2013-04-11 16:18:25,644 - core - INFO - Task was removed from the list
2013-04-11 16:18:28,220 - core - INFO - Processing started for all the items of the list
2013-04-11 16:20:02,279 - core - INFO - Processing finished for all the items of the list
2013-04-11 16:20:27,989 - core - INFO - Exiting...
2013-04-11 16:23:35,076 - core - INFO - Processing started for all the items of the list
2013-04-11 16:23:39,875 - core - INFO - Exiting...
2013-04-11 16:25:41,848 - core - INFO - Processing started for all the items of the list
2013-04-11 16:25:45,637 - core - INFO - Exiting...
2013-04-11 16:28:30,543 - core - INFO - Processing started for all the items of the list
2013-04-11 16:29:47,994 - core - INFO - Processing finished for all the items of the list
2013-04-11 16:31:02,818 - core - INFO - Exiting...
2013-04-11 16:41:14,178 - core - INFO - Exiting...
2013-04-11 16:42:02,230 - core - INFO - Processing started for all the items of the list
2013-04-11 16:45:02,608 - core - INFO - Processing finished for all the items of the list
2013-04-11 16:45:18,420 - core - INFO - Exiting...
2013-04-11 16:45:57,966 - core - INFO - Exiting...
2013-04-11 16:47:40,042 - core - INFO - Processing started for all the items of the list
2013-04-11 16:49:11,773 - core - INFO - Processing finished for all the items of the list
2013-04-11 16:49:15,914 - core - INFO - Exiting...
2013-04-11 16:51:18,819 - core - INFO - New task was added to the list
2013-04-11 16:51:21,407 - core - INFO - Processing started for all the items of the list
2013-04-11 16:51:40,766 - core - INFO - Processing finished for all the items of the list
2013-04-11 16:52:03,664 - core - INFO - New task was added to the list
2013-04-11 16:52:04,582 - core - INFO - Processing started for all the items of the list
2013-04-11 16:52:22,779 - core - INFO - Processing finished for all the items of the list
2013-04-11 16:52:52,105 - core - INFO - New task was added to the list
2013-04-11 16:52:52,940 - core - INFO - Processing started for all the items of the list
2013-04-11 16:52:52,973 - core - INFO - Processing finished for all the items of the list
2013-04-11 16:53:08,112 - core - INFO - Exiting...
2013-04-11 16:53:14,303 - core - INFO - New task was added to the list
2013-04-11 16:53:15,750 - core - INFO - Processing started for all the items of the list
2013-04-11 16:53:32,555 - core - INFO - Processing finished for all the items of the list
2013-04-11 16:53:39,956 - core - INFO - Exiting...
2013-04-11 16:55:37,391 - core - INFO - New task was added to the list
2013-04-11 16:55:38,555 - core - INFO - Processing started for all the items of the list
2013-04-11 16:55:56,049 - core - INFO - Processing finished for all the items of the list
2013-04-11 16:59:34,562 - core - INFO - New task was added to the list
2013-04-11 16:59:35,628 - core - INFO - Processing started for all the items of the list
2013-04-11 16:59:35,717 - core - INFO - Processing finished for all the items of the list
2013-04-11 16:59:38,549 - core - INFO - Exiting...
2013-04-11 17:00:08,480 - core - INFO - New task was added to the list
2013-04-11 17:00:09,673 - core - INFO - Processing started for all the items of the list
2013-04-11 17:00:28,878 - core - INFO - Processing finished for all the items of the list
2013-04-11 17:00:51,207 - core - INFO - Exiting...
2013-04-11 17:01:44,158 - core - INFO - Processing started for all the items of the list
2013-04-11 17:03:28,160 - core - INFO - Processing started for all the items of the list
2013-04-11 17:03:31,703 - core - INFO - Exiting...
2013-04-11 17:05:03,953 - core - INFO - Processing started for all the items of the list
2013-04-11 17:05:08,217 - core - INFO - Exiting...
2013-04-11 17:05:53,763 - core - INFO - Processing started for all the items of the list
2013-04-11 17:05:58,296 - core - INFO - Exiting...
2013-04-11 17:07:03,535 - core - INFO - Processing started for all the items of the list
2013-04-11 17:08:16,601 - core - INFO - Processing finished for all the items of the list
2013-04-11 17:08:39,279 - core - INFO - Exiting...
2013-04-11 17:11:21,052 - core - INFO - Exiting...
2013-04-11 17:22:00,596 - core - INFO - Exiting...
2013-04-11 17:23:30,229 - core - INFO - Exiting...
2013-04-11 17:23:43,513 - core - INFO - New host directory was specified by the user
2013-04-11 17:23:51,457 - core - INFO - Exiting...
2013-04-15 15:29:37,336 - core - INFO - Exiting...
2013-04-15 15:30:40,480 - core - INFO - Exiting...
2013-04-15 15:31:26,970 - core - INFO - Exiting...
2013-04-23 12:47:19,157 - core - INFO - Exiting...
2013-04-23 12:50:26,513 - core - INFO - Exiting...
2013-04-23 12:50:36,086 - core - INFO - Exiting...
2013-04-23 12:53:40,619 - core - INFO - Exiting...
2013-04-23 12:54:05,875 - core - INFO - New task was added to the list
2013-04-23 12:54:05,907 - core - INFO - New task was added to the list
2013-04-23 12:54:58,931 - core - INFO - New task was added to the list
2013-04-23 12:54:58,961 - core - INFO - New task was added to the list
2013-04-23 12:55:04,039 - core - INFO - Processing started for all the items of the list
2013-04-23 12:55:38,543 - core - INFO - Processing finished for all the items of the list
2013-04-23 12:56:27,709 - core - INFO - Exiting...
2013-04-29 12:25:26,535 - core - INFO - Exiting...
